[www.letmespeak.org/index.html]
[backblue.gif]
[fade.gif]
[index.html]
[global-uploads.webflow.com/615998f78f900b06442cde55/css/let-me-speak.webflow.d77b17867.css]
[ajax.googleapis.com/ajax/libs/webfont/1.6.26/webfont.js]
[proxy-translator.app.crowdin.net/assets/proxy-translator.js]
[www.dl.dropboxusercontent.com/s/z0s1ddmya4icf71/slick.css_; filename_=UTF-8''slick.css]
[global-uploads.webflow.com/615998f78f900b06442cde55/616560e2a174da23f37fea58_icon.png]
[global-uploads.webflow.com/615998f78f900b06442cde55/618aa9d2fd3b5106e77fc182_tg.png]
[global-uploads.webflow.com/615998f78f900b06442cde55/618aaa2dbb6a2fcf73cad8a2_Group 16649.png]
[global-uploads.webflow.com/615998f78f900b06442cde55/618aaa35827ef1f33f25d9b5_Group 16652.png]
[global-uploads.webflow.com/615998f78f900b06442cde55/618aaa3d972a8c3d1bd55d72_Group 16650.png]
[global-uploads.webflow.com/615998f78f900b06442cde55/618aaa552b740ca678257bff_Group 16653.png]
[global-uploads.webflow.com/615998f78f900b06442cde55/618aaa5de7fad73e4b8b86d4_Group 16643.png]
[global-uploads.webflow.com/615998f78f900b06442cde55/618aaa8184dd6c238f1bfa95_Group 16651.png]
[global-uploads.webflow.com/615998f78f900b06442cde55/618aaa64a3059818cee4651f_Group 16648.png]
[global-uploads.webflow.com/615998f78f900b06442cde55/618aaa94d616fd87fd5edaac_Group 16646.png]
[global-uploads.webflow.com/615998f78f900b06442cde55/618aaa8a603c17ae95e3a34d_Group 16636.png]
[global-uploads.webflow.com/615998f78f900b06442cde55/618aaab12b740c11e8257e30_Group 16634.png]
[global-uploads.webflow.com/615998f78f900b06442cde55/618aaab8e7fad752848b8717_Group 16645.png]
[global-uploads.webflow.com/615998f78f900b06442cde55/618aaabe047661512fb380d6_Group 16632.png]
[global-uploads.webflow.com/615998f78f900b06442cde55/618aaadd700406344b6bc24b_Group 16644.png]
[global-uploads.webflow.com/615998f78f900b06442cde55/618aaae42830434983e2bb82_Group 16635.png]
[global-uploads.webflow.com/615998f78f900b06442cde55/618aaaede582663c557ea514_Group 16640.png]
[global-uploads.webflow.com/615998f78f900b06442cde55/618aab127004065fa06bc3b1_Group 16641.png]
[global-uploads.webflow.com/615998f78f900b06442cde55/618aab3df5ee92825ca51032_Group 16639.png]
[global-uploads.webflow.com/615998f78f900b06442cde55/618aab1a9dae9cd2d4dfc9b8_Group 16637.png]
[global-uploads.webflow.com/615998f78f900b06442cde55/618aab452b740c100e2580e0_Group 16638.png]
[global-uploads.webflow.com/615998f78f900b06442cde55/618aab2184dd6c3e5c1c035f_Group 16654.png]
[global-uploads.webflow.com/615998f78f900b06442cde55/618aab6e6635d924d0bb41c4_Group 16647.png]
[global-uploads.webflow.com/615998f78f900b06442cde55/618aab675b018fb870e3adbe_Group 16656.png]
[global-uploads.webflow.com/615998f78f900b06442cde55/618aab527004060a4b6bc43c_Group 16655.png]
[global-uploads.webflow.com/615998f78f900b06442cde55/618aab28f5ee92e2b6a51016_Group 16642.png]
[global-uploads.webflow.com/615998f78f900b06442cde55/615d0373bfcbf80b48c547d0_scs-img.png]
[global-uploads.webflow.com/615998f78f900b06442cde55/6186640e71ae795afa63739e_Image1@2x.png]
[global-uploads.webflow.com/615998f78f900b06442cde55/615cf809d543dafbf875c340_sl2.png]
[global-uploads.webflow.com/615998f78f900b06442cde55/615cf81539f9037f00ea3942_sl3.png]
[global-uploads.webflow.com/615998f78f900b06442cde55/615cf823d225de5dd5ce82b9_sl4.png]
[global-uploads.webflow.com/615998f78f900b06442cde55/615a877b7d0d0a878c3733f7_ic1.png]
[global-uploads.webflow.com/615998f78f900b06442cde55/618bc5170132ef8444c85f32_planet.png]
[global-uploads.webflow.com/615998f78f900b06442cde55/615aa4089309d78c81861b29_ft-logo-1.png]
[global-uploads.webflow.com/615998f78f900b06442cde55/615aa409659d327025cecb35_ft-logo-2.png]
[global-uploads.webflow.com/615998f78f900b06442cde55/615aa42463619d05adb646c1_ft-logo-3.png]
[global-uploads.webflow.com/615998f78f900b06442cde55/615aa40afcc6d7d83d7437ad_ft-logo-4.png]
[global-uploads.webflow.com/615998f78f900b06442cde55/615aa409bceb097c3b897387_ft-logo-5.png]
[global-uploads.webflow.com/615998f78f900b06442cde55/615aa4096b569d72fa38201a_ft-logo-6.png]
[d3e54v103j8qbb.cloudfront.net/js/jquery-3.5.1.min.dc5e7f18c8d5c3.js]
[global-uploads.webflow.com/615998f78f900b06442cde55/js/webflow.29af52fa3.js]
[www.dl.dropboxusercontent.com/s/bygwu9e85oe8q8t/slick.min.js_; filename_=UTF-8''slick.min.js]
[www.letmespeak.org/index.html]
[www.dl.dropboxusercontent.com/s/ne96fuj0j2lqgw5/slick.js_; filename_=UTF-8''slick.js]
[global-uploads.webflow.com/615998f78f900b06442cde55/618ab415ad45e07980b7d270_preview.png]
[global-uploads.webflow.com/615998f78f900b06442cde55/618ba34b3212e0495afbf64e_preview.png]
[global-uploads.webflow.com/615998f78f900b06442cde55/css/let-me-speak.webflow.d77b17867.css]
[www.dl.dropboxusercontent.com/s/z0s1ddmya4icf71/slick.css_; filename_=UTF-8''slick.css]
[www.letmespeak.org/GET.html]
